/usr/lib/python3/dist-packages/menulibre/MenuEditor.py:28: PyGIWarning: GMenu was imported without specifying a version first. Use gi.require_version('GMenu', '3.0') before import to ensure that the right version gets loaded.
  from gi.repository import GdkPixbuf, Gio, GLib, GMenu, Gtk
Starting mintlocale in IM mode
User language in .dmrc: None
User language in $LANG: en_US.UTF-8
Current language: en_US.UTF-8
Current region: en_US.UTF-8
AccountsService language is: 'en_US'
Found no MDM server, ordering a new one
Locking xscreensaver
xscreensaver-command: activating and locking.

/usr/lib/python3/dist-packages/pyatspi/__init__.py:17: PyGIWarning: Atspi was imported without specifying a version first. Use gi.require_version('Atspi', '2.0') before import to ensure that the right version gets loaded.
  from gi.repository import Atspi
/usr/lib/python3/dist-packages/pyatspi/__init__.py:17: PyGIWarning: Atspi was imported without specifying a version first. Use gi.require_version('Atspi', '2.0') before import to ensure that the right version gets loaded.
  from gi.repository import Atspi
xfce4-taskmanager-Message: Running as chromeawesome on HP-Compaq-8200-Elite-USDT-PC

(xfce4-taskmanager:4595): Gtk-CRITICAL **: IA__gtk_tree_view_get_selection: assertion 'GTK_IS_TREE_VIEW (tree_view)' failed

(xfce4-taskmanager:4595): Gtk-CRITICAL **: IA__gtk_tree_selection_unselect_all: assertion 'GTK_IS_TREE_SELECTION (selection)' failed
/usr/lib/python3/dist-packages/menulibre/MenuEditor.py:28: PyGIWarning: GMenu was imported without specifying a version first. Use gi.require_version('GMenu', '3.0') before import to ensure that the right version gets loaded.
  from gi.repository import GdkPixbuf, Gio, GLib, GMenu, Gtk
